<?xml version="1.0" encoding="UTF-8"?>
<!-- Generated by org.testng.reporters.JUnitXMLReporter -->
<testsuite ignored="0" hostname="DESKTOP-U5DCFPM" failures="0" tests="12" name="Guru99bank functional Test" time="219.728" errors="0" timestamp="2023-11-11T13:52:23 IST">
  <testcase classname="guru99bank.testcases.LoginTest" name="testToVerifyLoginWithValidUserIdAndValidPassword" time="4.376"/>
  <testcase classname="guru99bank.testcases.LoginTest" name="testToVerifyManagersIdOnHomePage" time="4.869"/>
  <testcase classname="guru99bank.testcases.LoginTest" name="testToVerifyLoginWithInvalidUserIdAndValidPassword" time="7.762"/>
  <testcase classname="guru99bank.testcases.LoginTest" name="testToVerifyLoginWithValidUserIdAndInvalidPassword" time="9.7"/>
  <testcase classname="guru99bank.testcases.LoginTest" name="testToVerifyLoginWithInvalidUserIdAndInvalidPassword" time="3.488"/>
  <testcase classname="guru99bank.testcases.AddCustomerTest" name="testToVerifyAddNewCustomerPage" time="4.93"/>
  <testcase classname="guru99bank.testcases.AddCustomerTest" name="testToVerifyCustomerDetailsPage" time="14.181"/>
  <testcase classname="guru99bank.testcases.AddCustomerTest" name="testToVerifyNewlyCreatedCustomerDetails" time="13.661"/>
  <testcase classname="guru99bank.testcases.AddAccountTest" name="testToVerifyAddNewAccountPage" time="4.893"/>
  <testcase classname="guru99bank.testcases.AddAccountTest" name="testToVerifyAccountDetailsPage" time="12.044"/>
  <testcase classname="guru99bank.testcases.AddAccountTest" name="testToVerifyNewlyCreatedAccountDetails" time="10.494"/>
  <testcase classname="guru99bank.testcases.LogoutTest" name="testToVerifyLogoutFromApplication" time="6.024"/>
</testsuite> <!-- Guru99bank functional Test -->
