<?xml version="1.0" encoding="UTF-8"?>
<testsuite xmlns:xsi="http://www.w3.org/2001/XMLSchema-instance" xsi:noNamespaceSchemaLocation="https://maven.apache.org/surefire/maven-surefire-plugin/xsd/surefire-test-report-3.0.xsd" version="3.0" name="TestSuite" time="226.718" tests="12" errors="0" skipped="0" failures="0">
  <properties>
[...]
</properties>
  <testcase name="testToVerifyLoginWithValidUserIdAndValidPassword" classname="guru99bank.testcases.LoginTest" time="4.388">
    <system-out><![CDATA['chrome' browser selected for test.
Application under test : 'https://www.demo.guru99.com/V4/index.php'.
'CHROME' browser initialized.
Navigated to url 'https://www.demo.guru99.com/V4/index.php'.
Execution of 'testToVerifyLoginWithValidUserIdAndValidPassword' test has started.
Test description -'Test To Verify Login With Valid UserId And Valid Password'.
Entered text 'mngr535793' in the userid field.
Entered text 'vusUpeb' in the password field.
Clicked on Login button.
Page title is : Guru99 Bank Manager HomePage
Welcome message is : Welcome To Manager's Page of Guru99 Bank
Test case 'testToVerifyLoginWithValidUserIdAndValidPassword' execution passed.
]]></system-out>
    <system-err><![CDATA[SLF4J: Failed to load class "org.slf4j.impl.StaticLoggerBinder".
SLF4J: Defaulting to no-operation (NOP) logger implementation
SLF4J: See http://www.slf4j.org/codes.html#StaticLoggerBinder for further details.
Nov 11, 2023 1:48:48 PM org.openqa.selenium.devtools.CdpVersionFinder findNearestMatch
WARNING: Unable to find an exact match for CDP version 119, returning the closest version; found: 118; Please update to a Selenium version that supports CDP version 119
]]></system-err>
  </testcase>
  <testcase name="testToVerifyManagersIdOnHomePage" classname="guru99bank.testcases.LoginTest" time="4.868">
    <system-out><![CDATA[All 'CHROME' browser instances closed.
'chrome' browser selected for test.
Application under test : 'https://www.demo.guru99.com/V4/index.php'.
'CHROME' browser initialized.
Navigated to url 'https://www.demo.guru99.com/V4/index.php'.
Execution of 'testToVerifyManagersIdOnHomePage' test has started.
Test description -'Test To Verify after successful login, managers Id is displayed on managers home page'.
Entered text 'mngr535793' in the userid field.
Entered text 'vusUpeb' in the password field.
Clicked on Login button.
Manager Id is : Manger Id : mngr535793
Test case 'testToVerifyManagersIdOnHomePage' execution passed.
]]></system-out>
    <system-err><![CDATA[Nov 11, 2023 1:49:05 PM org.openqa.selenium.devtools.CdpVersionFinder findNearestMatch
WARNING: Unable to find an exact match for CDP version 119, returning the closest version; found: 118; Please update to a Selenium version that supports CDP version 119
]]></system-err>
  </testcase>
  <testcase name="testToVerifyLoginWithInvalidUserIdAndValidPassword" classname="guru99bank.testcases.LoginTest" time="7.766">
    <system-out><![CDATA[All 'CHROME' browser instances closed.
'chrome' browser selected for test.
Application under test : 'https://www.demo.guru99.com/V4/index.php'.
'CHROME' browser initialized.
Navigated to url 'https://www.demo.guru99.com/V4/index.php'.
Execution of 'testToVerifyLoginWithInvalidUserIdAndValidPassword' test has started.
Test description -'Test To Verify Login With In-Valid UserId And Valid Password'.
Entered text 'mgr512229' in the userid field.
Entered text 'vusUpeb' in the password field.
Clicked on Login button.
Alert is present.
Text on the Alert popup is : User or Password is not valid
Test case 'testToVerifyLoginWithInvalidUserIdAndValidPassword' execution passed.
]]></system-out>
    <system-err><![CDATA[Nov 11, 2023 1:49:27 PM org.openqa.selenium.devtools.CdpVersionFinder findNearestMatch
WARNING: Unable to find an exact match for CDP version 119, returning the closest version; found: 118; Please update to a Selenium version that supports CDP version 119
]]></system-err>
  </testcase>
  <testcase name="testToVerifyLoginWithValidUserIdAndInvalidPassword" classname="guru99bank.testcases.LoginTest" time="9.708">
    <system-out><![CDATA[All 'CHROME' browser instances closed.
'chrome' browser selected for test.
Application under test : 'https://www.demo.guru99.com/V4/index.php'.
'CHROME' browser initialized.
Navigated to url 'https://www.demo.guru99.com/V4/index.php'.
Execution of 'testToVerifyLoginWithValidUserIdAndInvalidPassword' test has started.
Test description -'Test To Verify Login With Valid UserId And In-Valid Password'.
Entered text 'mngr535793' in the userid field.
Entered text 'password' in the password field.
Clicked on Login button.
Text on the Alert popup is : User or Password is not valid
Test case 'testToVerifyLoginWithValidUserIdAndInvalidPassword' execution passed.
]]></system-out>
    <system-err><![CDATA[Nov 11, 2023 1:49:49 PM org.openqa.selenium.devtools.CdpVersionFinder findNearestMatch
WARNING: Unable to find an exact match for CDP version 119, returning the closest version; found: 118; Please update to a Selenium version that supports CDP version 119
]]></system-err>
  </testcase>
  <testcase name="testToVerifyLoginWithInvalidUserIdAndInvalidPassword" classname="guru99bank.testcases.LoginTest" time="3.488">
    <system-out><![CDATA[All 'CHROME' browser instances closed.
'chrome' browser selected for test.
Application under test : 'https://www.demo.guru99.com/V4/index.php'.
'CHROME' browser initialized.
Navigated to url 'https://www.demo.guru99.com/V4/index.php'.
Execution of 'testToVerifyLoginWithInvalidUserIdAndInvalidPassword' test has started.
Test description -'Test To Verify Login With In-Valid UserId And In-Valid Password'.
Entered text 'mgr512229' in the userid field.
Entered text 'password' in the password field.
Clicked on Login button.
Text on the Alert popup is : User or Password is not valid
Test case 'testToVerifyLoginWithInvalidUserIdAndInvalidPassword' execution passed.
]]></system-out>
    <system-err><![CDATA[Nov 11, 2023 1:50:09 PM org.openqa.selenium.devtools.CdpVersionFinder findNearestMatch
WARNING: Unable to find an exact match for CDP version 119, returning the closest version; found: 118; Please update to a Selenium version that supports CDP version 119
]]></system-err>
  </testcase>
  <testcase name="testToVerifyAddNewCustomerPage" classname="guru99bank.testcases.AddCustomerTest" time="4.939">
    <system-out><![CDATA[All 'CHROME' browser instances closed.
'chrome' browser selected for test.
Application under test : 'https://www.demo.guru99.com/V4/index.php'.
'CHROME' browser initialized.
Navigated to url 'https://www.demo.guru99.com/V4/index.php'.
Execution of 'testToVerifyAddNewCustomerPage' test has started.
Test description -'Test To Verify after clicking on New Customer, page redirects to Add New Customer page.'.
Entered text 'mngr535793' in the userid field.
Entered text 'vusUpeb' in the password field.
Clicked on Login button.
Clicked on 'New Customer' menu link.
Add Customer page is displayed.
Test case 'testToVerifyAddNewCustomerPage' execution passed.
]]></system-out>
    <system-err><![CDATA[Nov 11, 2023 1:50:22 PM org.openqa.selenium.devtools.CdpVersionFinder findNearestMatch
WARNING: Unable to find an exact match for CDP version 119, returning the closest version; found: 118; Please update to a Selenium version that supports CDP version 119
]]></system-err>
  </testcase>
  <testcase name="testToVerifyCustomerDetailsPage[John Doe, male, 1999-04-15, address, City, State, 123456, 1234567890, j11112023_014839@email.com, XfEs12*](1)" classname="guru99bank.testcases.AddCustomerTest" time="14.165">
    <system-out><![CDATA[All 'CHROME' browser instances closed.
'chrome' browser selected for test.
Application under test : 'https://www.demo.guru99.com/V4/index.php'.
'CHROME' browser initialized.
Navigated to url 'https://www.demo.guru99.com/V4/index.php'.
Execution of 'testToVerifyCustomerDetailsPage' test has started.
Test description -'Test To Verify after creating new Customer, page redirects to details of added customer'.
Entered text 'mngr535793' in the userid field.
Entered text 'vusUpeb' in the password field.
Clicked on Login button.
Clicked on 'New Customer' menu link.
Entered text 'John Doe' in the customer name field.
Selected Male as gender.
Entered text '15-04-1999' in the dob field.
Entered text 'address' in the address field.
Entered text 'City' in the city field.
Entered text 'State' in the state field.
Entered text '123456' in the pincode field.
Entered text '1234567890' in the mobile field.
Entered text 'j11112023_014839@email.com' in the email field.
Entered text 'XfEs12*' in the password field.
Clicked on Submit button.
Customer registered message displayed.
Screenshot captured
Screenshot copied to C:\Users\Dell\eclipse-workspace\guru99bankdemo\Screenshots\
Test case 'testToVerifyCustomerDetailsPage' execution passed.
]]></system-out>
    <system-err><![CDATA[Nov 11, 2023 1:50:36 PM org.openqa.selenium.devtools.CdpVersionFinder findNearestMatch
WARNING: Unable to find an exact match for CDP version 119, returning the closest version; found: 118; Please update to a Selenium version that supports CDP version 119
]]></system-err>
  </testcase>
  <testcase name="testToVerifyNewlyCreatedCustomerDetails[Jane Doe, female, 1988-12-31, address, city, State, 123456, 1234567890, r11112023_014839@email.com, XfEs12*](1)" classname="guru99bank.testcases.AddCustomerTest" time="13.66">
    <system-out><![CDATA[All 'CHROME' browser instances closed.
'chrome' browser selected for test.
Application under test : 'https://www.demo.guru99.com/V4/index.php'.
'CHROME' browser initialized.
Navigated to url 'https://www.demo.guru99.com/V4/index.php'.
Execution of 'testToVerifyNewlyCreatedCustomerDetails' test has started.
Test description -'Test To Verify after creating new Customer, page redirects to details of added customer'.
Entered text 'mngr535793' in the userid field.
Entered text 'vusUpeb' in the password field.
Clicked on Login button.
Clicked on 'New Customer' menu link.
Entered text 'Jane Doe' in the customer name field.
Selected Female as gender.
Entered text '31-12-1988' in the dob field.
Entered text 'address' in the address field.
Entered text 'city' in the city field.
Entered text 'State' in the state field.
Entered text '123456' in the pincode field.
Entered text '1234567890' in the mobile field.
Entered text 'r11112023_014839@email.com' in the email field.
Entered text 'XfEs12*' in the password field.
Clicked on Submit button.
Customer registered message displayed.
Customer name displayed : Jane Doe
Customer gender displayed : female
Customer date of birth displayed : 1988-12-31
Customer address displayed : address
Customer city displayed : city
Customer state displayed : State
Customer pin displayed : 123456
Customer mobile displayed : 1234567890
Customer email displayed : r11112023_014839@email.com
Screenshot captured
Screenshot copied to C:\Users\Dell\eclipse-workspace\guru99bankdemo\Screenshots\
Test case 'testToVerifyNewlyCreatedCustomerDetails' execution passed.
]]></system-out>
    <system-err><![CDATA[Nov 11, 2023 1:50:56 PM org.openqa.selenium.devtools.CdpVersionFinder findNearestMatch
WARNING: Unable to find an exact match for CDP version 119, returning the closest version; found: 118; Please update to a Selenium version that supports CDP version 119
]]></system-err>
  </testcase>
  <testcase name="testToVerifyAddNewAccountPage" classname="guru99bank.testcases.AddAccountTest" time="4.904">
    <system-out><![CDATA[All 'CHROME' browser instances closed.
'chrome' browser selected for test.
Application under test : 'https://www.demo.guru99.com/V4/index.php'.
'CHROME' browser initialized.
Navigated to url 'https://www.demo.guru99.com/V4/index.php'.
Execution of 'testToVerifyAddNewAccountPage' test has started.
Test description -'Test To Verify after clicking on New Account, page redirects to Add New Account page.'.
Entered text 'mngr535793' in the userid field.
Entered text 'vusUpeb' in the password field.
Clicked on Login button.
Clicked on 'New Account' menu link.
Add Account page is displayed.
Test case 'testToVerifyAddNewAccountPage' execution passed.
]]></system-out>
    <system-err><![CDATA[Nov 11, 2023 1:51:18 PM org.openqa.selenium.devtools.CdpVersionFinder findNearestMatch
WARNING: Unable to find an exact match for CDP version 119, returning the closest version; found: 118; Please update to a Selenium version that supports CDP version 119
]]></system-err>
  </testcase>
  <testcase name="testToVerifyAccountDetailsPage[18565, Savings, 1000](1)" classname="guru99bank.testcases.AddAccountTest" time="12.042">
    <system-out><![CDATA[All 'CHROME' browser instances closed.
'chrome' browser selected for test.
Application under test : 'https://www.demo.guru99.com/V4/index.php'.
'CHROME' browser initialized.
Navigated to url 'https://www.demo.guru99.com/V4/index.php'.
Execution of 'testToVerifyAccountDetailsPage' test has started.
Test description -'Test To Verify after creating new Account, page redirects to details of added Account'.
Entered text 'mngr535793' in the userid field.
Entered text 'vusUpeb' in the password field.
Clicked on Login button.
Clicked on 'New Account' menu link.
Entered text '18565' in the customer id field.
Savings selected from from customer account type dropdown.
Entered text '1000' in the initial amount field.
Clicked on Submit button.
Account created page displayed.
Screenshot captured
Screenshot copied to C:\Users\Dell\eclipse-workspace\guru99bankdemo\Screenshots\
Test case 'testToVerifyAccountDetailsPage' execution passed.
]]></system-out>
    <system-err><![CDATA[Nov 11, 2023 1:51:32 PM org.openqa.selenium.devtools.CdpVersionFinder findNearestMatch
WARNING: Unable to find an exact match for CDP version 119, returning the closest version; found: 118; Please update to a Selenium version that supports CDP version 119
]]></system-err>
  </testcase>
  <testcase name="testToVerifyNewlyCreatedAccountDetails[18565, Savings, 1000](1)" classname="guru99bank.testcases.AddAccountTest" time="10.499">
    <system-out><![CDATA[All 'CHROME' browser instances closed.
'chrome' browser selected for test.
Application under test : 'https://www.demo.guru99.com/V4/index.php'.
'CHROME' browser initialized.
Navigated to url 'https://www.demo.guru99.com/V4/index.php'.
Execution of 'testToVerifyNewlyCreatedAccountDetails' test has started.
Test description -'Test To Verify the details of the newly added customer'.
Entered text 'mngr535793' in the userid field.
Entered text 'vusUpeb' in the password field.
Clicked on Login button.
Clicked on 'New Account' menu link.
Entered text '18565' in the customer id field.
Savings selected from from customer account type dropdown.
Entered text '1000' in the initial amount field.
Clicked on Submit button.
Account created page displayed.
Customer id displayed : 18565
Customer account type displayed : Savings
Customer current account amount : 1000
Screenshot captured
Screenshot copied to C:\Users\Dell\eclipse-workspace\guru99bankdemo\Screenshots\
Test case 'testToVerifyNewlyCreatedAccountDetails' execution passed.
]]></system-out>
    <system-err><![CDATA[Nov 11, 2023 1:51:50 PM org.openqa.selenium.devtools.CdpVersionFinder findNearestMatch
WARNING: Unable to find an exact match for CDP version 119, returning the closest version; found: 118; Please update to a Selenium version that supports CDP version 119
]]></system-err>
  </testcase>
  <testcase name="testToVerifyLogoutFromApplication" classname="guru99bank.testcases.LogoutTest" time="6.026">
    <system-out><![CDATA[All 'CHROME' browser instances closed.
'chrome' browser selected for test.
Application under test : 'https://www.demo.guru99.com/V4/index.php'.
'CHROME' browser initialized.
Navigated to url 'https://www.demo.guru99.com/V4/index.php'.
Execution of 'testToVerifyLogoutFromApplication' test has started.
Test description -'Test To Verify Log out from the application.'.
Entered text 'mngr535793' in the userid field.
Entered text 'vusUpeb' in the password field.
Clicked on Login button.
Clicked on 'Logout' menu link.
Alert is present.
Text on the Alert popup is : You Have Succesfully Logged Out!!
Alert accepted.
Login page displayed.
Test case 'testToVerifyLogoutFromApplication' execution passed.
]]></system-out>
    <system-err><![CDATA[Nov 11, 2023 1:52:09 PM org.openqa.selenium.devtools.CdpVersionFinder findNearestMatch
WARNING: Unable to find an exact match for CDP version 119, returning the closest version; found: 118; Please update to a Selenium version that supports CDP version 119
]]></system-err>
  </testcase>
</testsuite>