<?xml version="1.0" encoding="UTF-8"?>
<testng-results ignored="0" total="12" passed="12" failed="0" skipped="0">
  <reporter-output>
  </reporter-output>
  <suite started-at="2023-11-11T13:48:39 IST" name="Guru99bank Automation Suite" finished-at="2023-11-11T13:52:19 IST" duration-ms="219728">
    <groups>
    </groups>
    <test started-at="2023-11-11T13:48:39 IST" name="Guru99bank functional Test" finished-at="2023-11-11T13:52:19 IST" duration-ms="219728">
      <class name="guru99bank.testcases.AddCustomerTest">
        <test-method is-config="true" signature="setUp()[pri:0, instance:guru99bank.testcases.AddCustomerTest@1151e434]" started-at="2023-11-11T13:50:17 IST" name="setUp" finished-at="2023-11-11T13:50:25 IST" duration-ms="8000" status="PASS">
          <reporter-output>
          </reporter-output>
        </test-method> <!-- setUp -->
        <test-method signature="testToVerifyAddNewCustomerPage()[pri:1, instance:guru99bank.testcases.AddCustomerTest@1151e434]" started-at="2023-11-11T13:50:25 IST" name="testToVerifyAddNewCustomerPage" description="Test To Verify after clicking on New Customer, page redirects to Add New Customer page." finished-at="2023-11-11T13:50:30 IST" duration-ms="4930" status="PASS">
          <reporter-output>
          </reporter-output>
        </test-method> <!-- testToVerifyAddNewCustomerPage -->
        <test-method is-config="true" signature="tearDown()[pri:0, instance:guru99bank.testcases.AddCustomerTest@1151e434]" started-at="2023-11-11T13:50:30 IST" name="tearDown" finished-at="2023-11-11T13:50:31 IST" duration-ms="1039" status="PASS">
          <reporter-output>
          </reporter-output>
        </test-method> <!-- tearDown -->
        <test-method is-config="true" signature="setUp()[pri:0, instance:guru99bank.testcases.AddCustomerTest@1151e434]" started-at="2023-11-11T13:50:31 IST" name="setUp" finished-at="2023-11-11T13:50:37 IST" duration-ms="5617" status="PASS">
          <reporter-output>
          </reporter-output>
        </test-method> <!-- setUp -->
        <test-method signature="testToVerifyCustomerDetailsPage(java.lang.String,java.lang.String,java.lang.String,java.lang.String,java.lang.String,java.lang.String,java.lang.String,java.lang.String,java.lang.String,java.lang.String)[pri:2, instance:guru99bank.testcases.AddCustomerTest@1151e434]" started-at="2023-11-11T13:50:37 IST" name="testToVerifyCustomerDetailsPage" description="Test To Verify after creating new Customer, page redirects to details of added customer" data-provider="AddNewCustomer" finished-at="2023-11-11T13:50:51 IST" duration-ms="14181" status="PASS">
          <params>
            <param index="0">
              <value>
                <![CDATA[John Doe]]>
              </value>
            </param>
            <param index="1">
              <value>
                <![CDATA[male]]>
              </value>
            </param>
            <param index="2">
              <value>
                <![CDATA[1999-04-15]]>
              </value>
            </param>
            <param index="3">
              <value>
                <![CDATA[address]]>
              </value>
            </param>
            <param index="4">
              <value>
                <![CDATA[City]]>
              </value>
            </param>
            <param index="5">
              <value>
                <![CDATA[State]]>
              </value>
            </param>
            <param index="6">
              <value>
                <![CDATA[123456]]>
              </value>
            </param>
            <param index="7">
              <value>
                <![CDATA[1234567890]]>
              </value>
            </param>
            <param index="8">
              <value>
                <![CDATA[j11112023_014839@email.com]]>
              </value>
            </param>
            <param index="9">
              <value>
                <![CDATA[XfEs12*]]>
              </value>
            </param>
          </params>
          <reporter-output>
          </reporter-output>
        </test-method> <!-- testToVerifyCustomerDetailsPage -->
        <test-method is-config="true" signature="tearDown()[pri:0, instance:guru99bank.testcases.AddCustomerTest@1151e434]" started-at="2023-11-11T13:50:51 IST" name="tearDown" finished-at="2023-11-11T13:50:52 IST" duration-ms="840" status="PASS">
          <reporter-output>
          </reporter-output>
        </test-method> <!-- tearDown -->
        <test-method is-config="true" signature="setUp()[pri:0, instance:guru99bank.testcases.AddCustomerTest@1151e434]" started-at="2023-11-11T13:50:52 IST" name="setUp" finished-at="2023-11-11T13:50:59 IST" duration-ms="7601" status="PASS">
          <reporter-output>
          </reporter-output>
        </test-method> <!-- setUp -->
        <test-method signature="testToVerifyNewlyCreatedCustomerDetails(java.lang.String,java.lang.String,java.lang.String,java.lang.String,java.lang.String,java.lang.String,java.lang.String,java.lang.String,java.lang.String,java.lang.String)[pri:3, instance:guru99bank.testcases.AddCustomerTest@1151e434]" started-at="2023-11-11T13:50:59 IST" name="testToVerifyNewlyCreatedCustomerDetails" description="Test To Verify after creating new Customer, page redirects to details of added customer" data-provider="VerifyCustomer" finished-at="2023-11-11T13:51:13 IST" duration-ms="13661" status="PASS">
          <params>
            <param index="0">
              <value>
                <![CDATA[Jane Doe]]>
              </value>
            </param>
            <param index="1">
              <value>
                <![CDATA[female]]>
              </value>
            </param>
            <param index="2">
              <value>
                <![CDATA[1988-12-31]]>
              </value>
            </param>
            <param index="3">
              <value>
                <![CDATA[address]]>
              </value>
            </param>
            <param index="4">
              <value>
                <![CDATA[city]]>
              </value>
            </param>
            <param index="5">
              <value>
                <![CDATA[State]]>
              </value>
            </param>
            <param index="6">
              <value>
                <![CDATA[123456]]>
              </value>
            </param>
            <param index="7">
              <value>
                <![CDATA[1234567890]]>
              </value>
            </param>
            <param index="8">
              <value>
                <![CDATA[r11112023_014839@email.com]]>
              </value>
            </param>
            <param index="9">
              <value>
                <![CDATA[XfEs12*]]>
              </value>
            </param>
          </params>
          <reporter-output>
          </reporter-output>
        </test-method> <!-- testToVerifyNewlyCreatedCustomerDetails -->
        <test-method is-config="true" signature="tearDown()[pri:0, instance:guru99bank.testcases.AddCustomerTest@1151e434]" started-at="2023-11-11T13:51:13 IST" name="tearDown" finished-at="2023-11-11T13:51:14 IST" duration-ms="797" status="PASS">
          <reporter-output>
          </reporter-output>
        </test-method> <!-- tearDown -->
      </class> <!-- guru99bank.testcases.AddCustomerTest -->
      <class name="guru99bank.testcases.AddAccountTest">
        <test-method is-config="true" signature="setUp()[pri:0, instance:guru99bank.testcases.AddAccountTest@2dc54ad4]" started-at="2023-11-11T13:51:14 IST" name="setUp" finished-at="2023-11-11T13:51:21 IST" duration-ms="7587" status="PASS">
          <reporter-output>
          </reporter-output>
        </test-method> <!-- setUp -->
        <test-method signature="testToVerifyAddNewAccountPage()[pri:1, instance:guru99bank.testcases.AddAccountTest@2dc54ad4]" started-at="2023-11-11T13:51:21 IST" name="testToVerifyAddNewAccountPage" description="Test To Verify after clicking on New Account, page redirects to Add New Account page." finished-at="2023-11-11T13:51:26 IST" duration-ms="4893" status="PASS">
          <reporter-output>
          </reporter-output>
        </test-method> <!-- testToVerifyAddNewAccountPage -->
        <test-method is-config="true" signature="tearDown()[pri:0, instance:guru99bank.testcases.AddAccountTest@2dc54ad4]" started-at="2023-11-11T13:51:26 IST" name="tearDown" finished-at="2023-11-11T13:51:27 IST" duration-ms="771" status="PASS">
          <reporter-output>
          </reporter-output>
        </test-method> <!-- tearDown -->
        <test-method is-config="true" signature="setUp()[pri:0, instance:guru99bank.testcases.AddAccountTest@2dc54ad4]" started-at="2023-11-11T13:51:27 IST" name="setUp" finished-at="2023-11-11T13:51:33 IST" duration-ms="5632" status="PASS">
          <reporter-output>
          </reporter-output>
        </test-method> <!-- setUp -->
        <test-method signature="testToVerifyAccountDetailsPage(java.lang.String,java.lang.String,java.lang.String)[pri:2, instance:guru99bank.testcases.AddAccountTest@2dc54ad4]" started-at="2023-11-11T13:51:33 IST" name="testToVerifyAccountDetailsPage" description="Test To Verify after creating new Account, page redirects to details of added Account" data-provider="AddNewAccount" finished-at="2023-11-11T13:51:45 IST" duration-ms="12044" status="PASS">
          <params>
            <param index="0">
              <value>
                <![CDATA[18565]]>
              </value>
            </param>
            <param index="1">
              <value>
                <![CDATA[Savings]]>
              </value>
            </param>
            <param index="2">
              <value>
                <![CDATA[1000]]>
              </value>
            </param>
          </params>
          <reporter-output>
          </reporter-output>
        </test-method> <!-- testToVerifyAccountDetailsPage -->
        <test-method is-config="true" signature="tearDown()[pri:0, instance:guru99bank.testcases.AddAccountTest@2dc54ad4]" started-at="2023-11-11T13:51:45 IST" name="tearDown" finished-at="2023-11-11T13:51:46 IST" duration-ms="900" status="PASS">
          <reporter-output>
          </reporter-output>
        </test-method> <!-- tearDown -->
        <test-method is-config="true" signature="setUp()[pri:0, instance:guru99bank.testcases.AddAccountTest@2dc54ad4]" started-at="2023-11-11T13:51:46 IST" name="setUp" finished-at="2023-11-11T13:51:53 IST" duration-ms="7301" status="PASS">
          <reporter-output>
          </reporter-output>
        </test-method> <!-- setUp -->
        <test-method signature="testToVerifyNewlyCreatedAccountDetails(java.lang.String,java.lang.String,java.lang.String)[pri:3, instance:guru99bank.testcases.AddAccountTest@2dc54ad4]" started-at="2023-11-11T13:51:53 IST" name="testToVerifyNewlyCreatedAccountDetails" description="Test To Verify the details of the newly added customer" data-provider="AddNewAccount" finished-at="2023-11-11T13:52:04 IST" duration-ms="10494" status="PASS">
          <params>
            <param index="0">
              <value>
                <![CDATA[18565]]>
              </value>
            </param>
            <param index="1">
              <value>
                <![CDATA[Savings]]>
              </value>
            </param>
            <param index="2">
              <value>
                <![CDATA[1000]]>
              </value>
            </param>
          </params>
          <reporter-output>
          </reporter-output>
        </test-method> <!-- testToVerifyNewlyCreatedAccountDetails -->
        <test-method is-config="true" signature="tearDown()[pri:0, instance:guru99bank.testcases.AddAccountTest@2dc54ad4]" started-at="2023-11-11T13:52:04 IST" name="tearDown" finished-at="2023-11-11T13:52:04 IST" duration-ms="809" status="PASS">
          <reporter-output>
          </reporter-output>
        </test-method> <!-- tearDown -->
      </class> <!-- guru99bank.testcases.AddAccountTest -->
      <class name="guru99bank.testcases.LogoutTest">
        <test-method is-config="true" signature="setUp()[pri:0, instance:guru99bank.testcases.LogoutTest@4659191b]" started-at="2023-11-11T13:52:04 IST" name="setUp" finished-at="2023-11-11T13:52:12 IST" duration-ms="7661" status="PASS">
          <reporter-output>
          </reporter-output>
        </test-method> <!-- setUp -->
        <test-method signature="testToVerifyLogoutFromApplication()[pri:1, instance:guru99bank.testcases.LogoutTest@4659191b]" started-at="2023-11-11T13:52:12 IST" name="testToVerifyLogoutFromApplication" description="Test To Verify Log out from the application." finished-at="2023-11-11T13:52:18 IST" duration-ms="6024" status="PASS">
          <reporter-output>
          </reporter-output>
        </test-method> <!-- testToVerifyLogoutFromApplication -->
        <test-method is-config="true" signature="tearDown()[pri:0, instance:guru99bank.testcases.LogoutTest@4659191b]" started-at="2023-11-11T13:52:18 IST" name="tearDown" finished-at="2023-11-11T13:52:19 IST" duration-ms="863" status="PASS">
          <reporter-output>
          </reporter-output>
        </test-method> <!-- tearDown -->
      </class> <!-- guru99bank.testcases.LogoutTest -->
      <class name="guru99bank.testcases.LoginTest">
        <test-method is-config="true" signature="setUp()[pri:0, instance:guru99bank.testcases.LoginTest@52af26ee]" started-at="2023-11-11T13:48:40 IST" name="setUp" finished-at="2023-11-11T13:48:51 IST" duration-ms="10945" status="PASS">
          <reporter-output>
          </reporter-output>
        </test-method> <!-- setUp -->
        <test-method signature="testToVerifyLoginWithValidUserIdAndValidPassword()[pri:1, instance:guru99bank.testcases.LoginTest@52af26ee]" started-at="2023-11-11T13:48:51 IST" name="testToVerifyLoginWithValidUserIdAndValidPassword" description="Test To Verify Login With Valid UserId And Valid Password" finished-at="2023-11-11T13:48:56 IST" duration-ms="4376" status="PASS">
          <reporter-output>
          </reporter-output>
        </test-method> <!-- testToVerifyLoginWithValidUserIdAndValidPassword -->
        <test-method is-config="true" signature="tearDown()[pri:0, instance:guru99bank.testcases.LoginTest@52af26ee]" started-at="2023-11-11T13:48:56 IST" name="tearDown" finished-at="2023-11-11T13:48:56 IST" duration-ms="859" status="PASS">
          <reporter-output>
          </reporter-output>
        </test-method> <!-- tearDown -->
        <test-method is-config="true" signature="setUp()[pri:0, instance:guru99bank.testcases.LoginTest@52af26ee]" started-at="2023-11-11T13:48:56 IST" name="setUp" finished-at="2023-11-11T13:49:12 IST" duration-ms="15281" status="PASS">
          <reporter-output>
          </reporter-output>
        </test-method> <!-- setUp -->
        <test-method signature="testToVerifyManagersIdOnHomePage()[pri:2, instance:guru99bank.testcases.LoginTest@52af26ee]" started-at="2023-11-11T13:49:12 IST" name="testToVerifyManagersIdOnHomePage" description="Test To Verify after successful login, managers Id is displayed on managers home page" finished-at="2023-11-11T13:49:17 IST" duration-ms="4869" status="PASS">
          <reporter-output>
          </reporter-output>
        </test-method> <!-- testToVerifyManagersIdOnHomePage -->
        <test-method is-config="true" signature="tearDown()[pri:0, instance:guru99bank.testcases.LoginTest@52af26ee]" started-at="2023-11-11T13:49:17 IST" name="tearDown" finished-at="2023-11-11T13:49:18 IST" duration-ms="1585" status="PASS">
          <reporter-output>
          </reporter-output>
        </test-method> <!-- tearDown -->
        <test-method is-config="true" signature="setUp()[pri:0, instance:guru99bank.testcases.LoginTest@52af26ee]" started-at="2023-11-11T13:49:18 IST" name="setUp" finished-at="2023-11-11T13:49:33 IST" duration-ms="15258" status="PASS">
          <reporter-output>
          </reporter-output>
        </test-method> <!-- setUp -->
        <test-method signature="testToVerifyLoginWithInvalidUserIdAndValidPassword()[pri:3, instance:guru99bank.testcases.LoginTest@52af26ee]" started-at="2023-11-11T13:49:33 IST" name="testToVerifyLoginWithInvalidUserIdAndValidPassword" description="Test To Verify Login With In-Valid UserId And Valid Password" finished-at="2023-11-11T13:49:41 IST" duration-ms="7762" status="PASS">
          <reporter-output>
          </reporter-output>
        </test-method> <!-- testToVerifyLoginWithInvalidUserIdAndValidPassword -->
        <test-method is-config="true" signature="tearDown()[pri:0, instance:guru99bank.testcases.LoginTest@52af26ee]" started-at="2023-11-11T13:49:41 IST" name="tearDown" finished-at="2023-11-11T13:49:42 IST" duration-ms="1221" status="PASS">
          <reporter-output>
          </reporter-output>
        </test-method> <!-- tearDown -->
        <test-method is-config="true" signature="setUp()[pri:0, instance:guru99bank.testcases.LoginTest@52af26ee]" started-at="2023-11-11T13:49:42 IST" name="setUp" finished-at="2023-11-11T13:49:51 IST" duration-ms="8292" status="PASS">
          <reporter-output>
          </reporter-output>
        </test-method> <!-- setUp -->
        <test-method signature="testToVerifyLoginWithValidUserIdAndInvalidPassword()[pri:4, instance:guru99bank.testcases.LoginTest@52af26ee]" started-at="2023-11-11T13:49:51 IST" name="testToVerifyLoginWithValidUserIdAndInvalidPassword" description="Test To Verify Login With Valid UserId And In-Valid Password" finished-at="2023-11-11T13:50:00 IST" duration-ms="9700" status="PASS">
          <reporter-output>
          </reporter-output>
        </test-method> <!-- testToVerifyLoginWithValidUserIdAndInvalidPassword -->
        <test-method is-config="true" signature="tearDown()[pri:0, instance:guru99bank.testcases.LoginTest@52af26ee]" started-at="2023-11-11T13:50:00 IST" name="tearDown" finished-at="2023-11-11T13:50:04 IST" duration-ms="3965" status="PASS">
          <reporter-output>
          </reporter-output>
        </test-method> <!-- tearDown -->
        <test-method is-config="true" signature="setUp()[pri:0, instance:guru99bank.testcases.LoginTest@52af26ee]" started-at="2023-11-11T13:50:04 IST" name="setUp" finished-at="2023-11-11T13:50:13 IST" duration-ms="8590" status="PASS">
          <reporter-output>
          </reporter-output>
        </test-method> <!-- setUp -->
        <test-method signature="testToVerifyLoginWithInvalidUserIdAndInvalidPassword()[pri:5, instance:guru99bank.testcases.LoginTest@52af26ee]" started-at="2023-11-11T13:50:13 IST" name="testToVerifyLoginWithInvalidUserIdAndInvalidPassword" description="Test To Verify Login With In-Valid UserId And In-Valid Password" finished-at="2023-11-11T13:50:16 IST" duration-ms="3488" status="PASS">
          <reporter-output>
          </reporter-output>
        </test-method> <!-- testToVerifyLoginWithInvalidUserIdAndInvalidPassword -->
        <test-method is-config="true" signature="tearDown()[pri:0, instance:guru99bank.testcases.LoginTest@52af26ee]" started-at="2023-11-11T13:50:16 IST" name="tearDown" finished-at="2023-11-11T13:50:17 IST" duration-ms="741" status="PASS">
          <reporter-output>
          </reporter-output>
        </test-method> <!-- tearDown -->
      </class> <!-- guru99bank.testcases.LoginTest -->
    </test> <!-- Guru99bank functional Test -->
  </suite> <!-- Guru99bank Automation Suite -->
</testng-results>
