<?xml version="1.0" encoding="UTF-8"?>
<!-- Generated by org.testng.reporters.JUnitXMLReporter -->
<testsuite ignored="0" hostname="DESKTOP-U5DCFPM" failures="0" tests="12" name="Guru99bank functional Test" time="213.808" errors="0" timestamp="2023-11-11T13:57:29 IST">
  <testcase classname="guru99bank.testcases.LoginTest" name="testToVerifyLoginWithValidUserIdAndValidPassword" time="3.64"/>
  <testcase classname="guru99bank.testcases.LoginTest" name="testToVerifyManagersIdOnHomePage" time="3.502"/>
  <testcase classname="guru99bank.testcases.LoginTest" name="testToVerifyLoginWithInvalidUserIdAndValidPassword" time="2.411"/>
  <testcase classname="guru99bank.testcases.LoginTest" name="testToVerifyLoginWithValidUserIdAndInvalidPassword" time="2.414"/>
  <testcase classname="guru99bank.testcases.LoginTest" name="testToVerifyLoginWithInvalidUserIdAndInvalidPassword" time="2.426"/>
  <testcase classname="guru99bank.testcases.AddCustomerTest" name="testToVerifyAddNewCustomerPage" time="4.857"/>
  <testcase classname="guru99bank.testcases.AddCustomerTest" name="testToVerifyCustomerDetailsPage" time="14.954"/>
  <testcase classname="guru99bank.testcases.AddCustomerTest" name="testToVerifyNewlyCreatedCustomerDetails" time="15.106"/>
  <testcase classname="guru99bank.testcases.AddAccountTest" name="testToVerifyAddNewAccountPage" time="6.669"/>
  <testcase classname="guru99bank.testcases.AddAccountTest" name="testToVerifyAccountDetailsPage" time="10.521"/>
  <testcase classname="guru99bank.testcases.AddAccountTest" name="testToVerifyNewlyCreatedAccountDetails" time="18.441"/>
  <testcase classname="guru99bank.testcases.LogoutTest" name="testToVerifyLogoutFromApplication" time="7.312"/>
</testsuite> <!-- Guru99bank functional Test -->
