<?xml version="1.0" encoding="UTF-8"?>
<testng-results ignored="0" total="12" passed="12" failed="0" skipped="0">
  <reporter-output>
  </reporter-output>
  <suite started-at="2023-11-11T13:53:51 IST" name="Guru99bank Automation Suite" finished-at="2023-11-11T13:57:24 IST" duration-ms="213808">
    <groups>
    </groups>
    <test started-at="2023-11-11T13:53:51 IST" name="Guru99bank functional Test" finished-at="2023-11-11T13:57:24 IST" duration-ms="213808">
      <class name="guru99bank.testcases.AddCustomerTest">
        <test-method is-config="true" signature="setUp()[pri:0, instance:guru99bank.testcases.AddCustomerTest@41a0aa7d]" started-at="2023-11-11T13:54:54 IST" name="setUp" finished-at="2023-11-11T13:55:01 IST" duration-ms="7240" status="PASS">
          <reporter-output>
          </reporter-output>
        </test-method> <!-- setUp -->
        <test-method signature="testToVerifyAddNewCustomerPage()[pri:1, instance:guru99bank.testcases.AddCustomerTest@41a0aa7d]" started-at="2023-11-11T13:55:01 IST" name="testToVerifyAddNewCustomerPage" description="Test To Verify after clicking on New Customer, page redirects to Add New Customer page." finished-at="2023-11-11T13:55:06 IST" duration-ms="4857" status="PASS">
          <reporter-output>
          </reporter-output>
        </test-method> <!-- testToVerifyAddNewCustomerPage -->
        <test-method is-config="true" signature="tearDown()[pri:0, instance:guru99bank.testcases.AddCustomerTest@41a0aa7d]" started-at="2023-11-11T13:55:06 IST" name="tearDown" finished-at="2023-11-11T13:55:07 IST" duration-ms="796" status="PASS">
          <reporter-output>
          </reporter-output>
        </test-method> <!-- tearDown -->
        <test-method is-config="true" signature="setUp()[pri:0, instance:guru99bank.testcases.AddCustomerTest@41a0aa7d]" started-at="2023-11-11T13:55:07 IST" name="setUp" finished-at="2023-11-11T13:55:15 IST" duration-ms="7809" status="PASS">
          <reporter-output>
          </reporter-output>
        </test-method> <!-- setUp -->
        <test-method signature="testToVerifyCustomerDetailsPage(java.lang.String,java.lang.String,java.lang.String,java.lang.String,java.lang.String,java.lang.String,java.lang.String,java.lang.String,java.lang.String,java.lang.String)[pri:2, instance:guru99bank.testcases.AddCustomerTest@41a0aa7d]" started-at="2023-11-11T13:55:15 IST" name="testToVerifyCustomerDetailsPage" description="Test To Verify after creating new Customer, page redirects to details of added customer" data-provider="AddNewCustomer" finished-at="2023-11-11T13:55:29 IST" duration-ms="14954" status="PASS">
          <params>
            <param index="0">
              <value>
                <![CDATA[John Doe]]>
              </value>
            </param>
            <param index="1">
              <value>
                <![CDATA[male]]>
              </value>
            </param>
            <param index="2">
              <value>
                <![CDATA[1999-04-15]]>
              </value>
            </param>
            <param index="3">
              <value>
                <![CDATA[address]]>
              </value>
            </param>
            <param index="4">
              <value>
                <![CDATA[City]]>
              </value>
            </param>
            <param index="5">
              <value>
                <![CDATA[State]]>
              </value>
            </param>
            <param index="6">
              <value>
                <![CDATA[123456]]>
              </value>
            </param>
            <param index="7">
              <value>
                <![CDATA[1234567890]]>
              </value>
            </param>
            <param index="8">
              <value>
                <![CDATA[j11112023_015351@email.com]]>
              </value>
            </param>
            <param index="9">
              <value>
                <![CDATA[XfEs12*]]>
              </value>
            </param>
          </params>
          <reporter-output>
          </reporter-output>
        </test-method> <!-- testToVerifyCustomerDetailsPage -->
        <test-method is-config="true" signature="tearDown()[pri:0, instance:guru99bank.testcases.AddCustomerTest@41a0aa7d]" started-at="2023-11-11T13:55:29 IST" name="tearDown" finished-at="2023-11-11T13:55:31 IST" duration-ms="1465" status="PASS">
          <reporter-output>
          </reporter-output>
        </test-method> <!-- tearDown -->
        <test-method is-config="true" signature="setUp()[pri:0, instance:guru99bank.testcases.AddCustomerTest@41a0aa7d]" started-at="2023-11-11T13:55:31 IST" name="setUp" finished-at="2023-11-11T13:55:41 IST" duration-ms="10033" status="PASS">
          <reporter-output>
          </reporter-output>
        </test-method> <!-- setUp -->
        <test-method signature="testToVerifyNewlyCreatedCustomerDetails(java.lang.String,java.lang.String,java.lang.String,java.lang.String,java.lang.String,java.lang.String,java.lang.String,java.lang.String,java.lang.String,java.lang.String)[pri:3, instance:guru99bank.testcases.AddCustomerTest@41a0aa7d]" started-at="2023-11-11T13:55:41 IST" name="testToVerifyNewlyCreatedCustomerDetails" description="Test To Verify after creating new Customer, page redirects to details of added customer" data-provider="VerifyCustomer" finished-at="2023-11-11T13:55:56 IST" duration-ms="15106" status="PASS">
          <params>
            <param index="0">
              <value>
                <![CDATA[Jane Doe]]>
              </value>
            </param>
            <param index="1">
              <value>
                <![CDATA[female]]>
              </value>
            </param>
            <param index="2">
              <value>
                <![CDATA[1988-12-31]]>
              </value>
            </param>
            <param index="3">
              <value>
                <![CDATA[address]]>
              </value>
            </param>
            <param index="4">
              <value>
                <![CDATA[city]]>
              </value>
            </param>
            <param index="5">
              <value>
                <![CDATA[State]]>
              </value>
            </param>
            <param index="6">
              <value>
                <![CDATA[123456]]>
              </value>
            </param>
            <param index="7">
              <value>
                <![CDATA[1234567890]]>
              </value>
            </param>
            <param index="8">
              <value>
                <![CDATA[r11112023_015351@email.com]]>
              </value>
            </param>
            <param index="9">
              <value>
                <![CDATA[XfEs12*]]>
              </value>
            </param>
          </params>
          <reporter-output>
          </reporter-output>
        </test-method> <!-- testToVerifyNewlyCreatedCustomerDetails -->
        <test-method is-config="true" signature="tearDown()[pri:0, instance:guru99bank.testcases.AddCustomerTest@41a0aa7d]" started-at="2023-11-11T13:55:56 IST" name="tearDown" finished-at="2023-11-11T13:55:57 IST" duration-ms="792" status="PASS">
          <reporter-output>
          </reporter-output>
        </test-method> <!-- tearDown -->
      </class> <!-- guru99bank.testcases.AddCustomerTest -->
      <class name="guru99bank.testcases.AddAccountTest">
        <test-method is-config="true" signature="setUp()[pri:0, instance:guru99bank.testcases.AddAccountTest@2794eab6]" started-at="2023-11-11T13:55:57 IST" name="setUp" finished-at="2023-11-11T13:56:07 IST" duration-ms="10416" status="PASS">
          <reporter-output>
          </reporter-output>
        </test-method> <!-- setUp -->
        <test-method signature="testToVerifyAddNewAccountPage()[pri:1, instance:guru99bank.testcases.AddAccountTest@2794eab6]" started-at="2023-11-11T13:56:07 IST" name="testToVerifyAddNewAccountPage" description="Test To Verify after clicking on New Account, page redirects to Add New Account page." finished-at="2023-11-11T13:56:14 IST" duration-ms="6669" status="PASS">
          <reporter-output>
          </reporter-output>
        </test-method> <!-- testToVerifyAddNewAccountPage -->
        <test-method is-config="true" signature="tearDown()[pri:0, instance:guru99bank.testcases.AddAccountTest@2794eab6]" started-at="2023-11-11T13:56:14 IST" name="tearDown" finished-at="2023-11-11T13:56:15 IST" duration-ms="1490" status="PASS">
          <reporter-output>
          </reporter-output>
        </test-method> <!-- tearDown -->
        <test-method is-config="true" signature="setUp()[pri:0, instance:guru99bank.testcases.AddAccountTest@2794eab6]" started-at="2023-11-11T13:56:15 IST" name="setUp" finished-at="2023-11-11T13:56:26 IST" duration-ms="10826" status="PASS">
          <reporter-output>
          </reporter-output>
        </test-method> <!-- setUp -->
        <test-method signature="testToVerifyAccountDetailsPage(java.lang.String,java.lang.String,java.lang.String)[pri:2, instance:guru99bank.testcases.AddAccountTest@2794eab6]" started-at="2023-11-11T13:56:26 IST" name="testToVerifyAccountDetailsPage" description="Test To Verify after creating new Account, page redirects to details of added Account" data-provider="AddNewAccount" finished-at="2023-11-11T13:56:37 IST" duration-ms="10521" status="PASS">
          <params>
            <param index="0">
              <value>
                <![CDATA[18565]]>
              </value>
            </param>
            <param index="1">
              <value>
                <![CDATA[Savings]]>
              </value>
            </param>
            <param index="2">
              <value>
                <![CDATA[1000]]>
              </value>
            </param>
          </params>
          <reporter-output>
          </reporter-output>
        </test-method> <!-- testToVerifyAccountDetailsPage -->
        <test-method is-config="true" signature="tearDown()[pri:0, instance:guru99bank.testcases.AddAccountTest@2794eab6]" started-at="2023-11-11T13:56:37 IST" name="tearDown" finished-at="2023-11-11T13:56:38 IST" duration-ms="1279" status="PASS">
          <reporter-output>
          </reporter-output>
        </test-method> <!-- tearDown -->
        <test-method is-config="true" signature="setUp()[pri:0, instance:guru99bank.testcases.AddAccountTest@2794eab6]" started-at="2023-11-11T13:56:38 IST" name="setUp" finished-at="2023-11-11T13:56:47 IST" duration-ms="9227" status="PASS">
          <reporter-output>
          </reporter-output>
        </test-method> <!-- setUp -->
        <test-method signature="testToVerifyNewlyCreatedAccountDetails(java.lang.String,java.lang.String,java.lang.String)[pri:3, instance:guru99bank.testcases.AddAccountTest@2794eab6]" started-at="2023-11-11T13:56:47 IST" name="testToVerifyNewlyCreatedAccountDetails" description="Test To Verify the details of the newly added customer" data-provider="AddNewAccount" finished-at="2023-11-11T13:57:06 IST" duration-ms="18441" status="PASS">
          <params>
            <param index="0">
              <value>
                <![CDATA[18565]]>
              </value>
            </param>
            <param index="1">
              <value>
                <![CDATA[Savings]]>
              </value>
            </param>
            <param index="2">
              <value>
                <![CDATA[1000]]>
              </value>
            </param>
          </params>
          <reporter-output>
          </reporter-output>
        </test-method> <!-- testToVerifyNewlyCreatedAccountDetails -->
        <test-method is-config="true" signature="tearDown()[pri:0, instance:guru99bank.testcases.AddAccountTest@2794eab6]" started-at="2023-11-11T13:57:06 IST" name="tearDown" finished-at="2023-11-11T13:57:08 IST" duration-ms="2082" status="PASS">
          <reporter-output>
          </reporter-output>
        </test-method> <!-- tearDown -->
      </class> <!-- guru99bank.testcases.AddAccountTest -->
      <class name="guru99bank.testcases.LogoutTest">
        <test-method is-config="true" signature="setUp()[pri:0, instance:guru99bank.testcases.LogoutTest@6340e5f0]" started-at="2023-11-11T13:57:08 IST" name="setUp" finished-at="2023-11-11T13:57:16 IST" duration-ms="8556" status="PASS">
          <reporter-output>
          </reporter-output>
        </test-method> <!-- setUp -->
        <test-method signature="testToVerifyLogoutFromApplication()[pri:1, instance:guru99bank.testcases.LogoutTest@6340e5f0]" started-at="2023-11-11T13:57:16 IST" name="testToVerifyLogoutFromApplication" description="Test To Verify Log out from the application." finished-at="2023-11-11T13:57:24 IST" duration-ms="7312" status="PASS">
          <reporter-output>
          </reporter-output>
        </test-method> <!-- testToVerifyLogoutFromApplication -->
        <test-method is-config="true" signature="tearDown()[pri:0, instance:guru99bank.testcases.LogoutTest@6340e5f0]" started-at="2023-11-11T13:57:24 IST" name="tearDown" finished-at="2023-11-11T13:57:24 IST" duration-ms="704" status="PASS">
          <reporter-output>
          </reporter-output>
        </test-method> <!-- tearDown -->
      </class> <!-- guru99bank.testcases.LogoutTest -->
      <class name="guru99bank.testcases.LoginTest">
        <test-method is-config="true" signature="setUp()[pri:0, instance:guru99bank.testcases.LoginTest@201a4587]" started-at="2023-11-11T13:53:52 IST" name="setUp" finished-at="2023-11-11T13:54:05 IST" duration-ms="12556" status="PASS">
          <reporter-output>
          </reporter-output>
        </test-method> <!-- setUp -->
        <test-method signature="testToVerifyLoginWithValidUserIdAndValidPassword()[pri:1, instance:guru99bank.testcases.LoginTest@201a4587]" started-at="2023-11-11T13:54:05 IST" name="testToVerifyLoginWithValidUserIdAndValidPassword" description="Test To Verify Login With Valid UserId And Valid Password" finished-at="2023-11-11T13:54:08 IST" duration-ms="3640" status="PASS">
          <reporter-output>
          </reporter-output>
        </test-method> <!-- testToVerifyLoginWithValidUserIdAndValidPassword -->
        <test-method is-config="true" signature="tearDown()[pri:0, instance:guru99bank.testcases.LoginTest@201a4587]" started-at="2023-11-11T13:54:08 IST" name="tearDown" finished-at="2023-11-11T13:54:09 IST" duration-ms="865" status="PASS">
          <reporter-output>
          </reporter-output>
        </test-method> <!-- tearDown -->
        <test-method is-config="true" signature="setUp()[pri:0, instance:guru99bank.testcases.LoginTest@201a4587]" started-at="2023-11-11T13:54:09 IST" name="setUp" finished-at="2023-11-11T13:54:17 IST" duration-ms="7382" status="PASS">
          <reporter-output>
          </reporter-output>
        </test-method> <!-- setUp -->
        <test-method signature="testToVerifyManagersIdOnHomePage()[pri:2, instance:guru99bank.testcases.LoginTest@201a4587]" started-at="2023-11-11T13:54:17 IST" name="testToVerifyManagersIdOnHomePage" description="Test To Verify after successful login, managers Id is displayed on managers home page" finished-at="2023-11-11T13:54:20 IST" duration-ms="3502" status="PASS">
          <reporter-output>
          </reporter-output>
        </test-method> <!-- testToVerifyManagersIdOnHomePage -->
        <test-method is-config="true" signature="tearDown()[pri:0, instance:guru99bank.testcases.LoginTest@201a4587]" started-at="2023-11-11T13:54:20 IST" name="tearDown" finished-at="2023-11-11T13:54:21 IST" duration-ms="1101" status="PASS">
          <reporter-output>
          </reporter-output>
        </test-method> <!-- tearDown -->
        <test-method is-config="true" signature="setUp()[pri:0, instance:guru99bank.testcases.LoginTest@201a4587]" started-at="2023-11-11T13:54:21 IST" name="setUp" finished-at="2023-11-11T13:54:29 IST" duration-ms="7469" status="PASS">
          <reporter-output>
          </reporter-output>
        </test-method> <!-- setUp -->
        <test-method signature="testToVerifyLoginWithInvalidUserIdAndValidPassword()[pri:3, instance:guru99bank.testcases.LoginTest@201a4587]" started-at="2023-11-11T13:54:29 IST" name="testToVerifyLoginWithInvalidUserIdAndValidPassword" description="Test To Verify Login With In-Valid UserId And Valid Password" finished-at="2023-11-11T13:54:31 IST" duration-ms="2411" status="PASS">
          <reporter-output>
          </reporter-output>
        </test-method> <!-- testToVerifyLoginWithInvalidUserIdAndValidPassword -->
        <test-method is-config="true" signature="tearDown()[pri:0, instance:guru99bank.testcases.LoginTest@201a4587]" started-at="2023-11-11T13:54:31 IST" name="tearDown" finished-at="2023-11-11T13:54:32 IST" duration-ms="772" status="PASS">
          <reporter-output>
          </reporter-output>
        </test-method> <!-- tearDown -->
        <test-method is-config="true" signature="setUp()[pri:0, instance:guru99bank.testcases.LoginTest@201a4587]" started-at="2023-11-11T13:54:32 IST" name="setUp" finished-at="2023-11-11T13:54:40 IST" duration-ms="7702" status="PASS">
          <reporter-output>
          </reporter-output>
        </test-method> <!-- setUp -->
        <test-method signature="testToVerifyLoginWithValidUserIdAndInvalidPassword()[pri:4, instance:guru99bank.testcases.LoginTest@201a4587]" started-at="2023-11-11T13:54:40 IST" name="testToVerifyLoginWithValidUserIdAndInvalidPassword" description="Test To Verify Login With Valid UserId And In-Valid Password" finished-at="2023-11-11T13:54:42 IST" duration-ms="2414" status="PASS">
          <reporter-output>
          </reporter-output>
        </test-method> <!-- testToVerifyLoginWithValidUserIdAndInvalidPassword -->
        <test-method is-config="true" signature="tearDown()[pri:0, instance:guru99bank.testcases.LoginTest@201a4587]" started-at="2023-11-11T13:54:42 IST" name="tearDown" finished-at="2023-11-11T13:54:43 IST" duration-ms="753" status="PASS">
          <reporter-output>
          </reporter-output>
        </test-method> <!-- tearDown -->
        <test-method is-config="true" signature="setUp()[pri:0, instance:guru99bank.testcases.LoginTest@201a4587]" started-at="2023-11-11T13:54:43 IST" name="setUp" finished-at="2023-11-11T13:54:51 IST" duration-ms="7705" status="PASS">
          <reporter-output>
          </reporter-output>
        </test-method> <!-- setUp -->
        <test-method signature="testToVerifyLoginWithInvalidUserIdAndInvalidPassword()[pri:5, instance:guru99bank.testcases.LoginTest@201a4587]" started-at="2023-11-11T13:54:51 IST" name="testToVerifyLoginWithInvalidUserIdAndInvalidPassword" description="Test To Verify Login With In-Valid UserId And In-Valid Password" finished-at="2023-11-11T13:54:53 IST" duration-ms="2426" status="PASS">
          <reporter-output>
          </reporter-output>
        </test-method> <!-- testToVerifyLoginWithInvalidUserIdAndInvalidPassword -->
        <test-method is-config="true" signature="tearDown()[pri:0, instance:guru99bank.testcases.LoginTest@201a4587]" started-at="2023-11-11T13:54:53 IST" name="tearDown" finished-at="2023-11-11T13:54:54 IST" duration-ms="745" status="PASS">
          <reporter-output>
          </reporter-output>
        </test-method> <!-- tearDown -->
      </class> <!-- guru99bank.testcases.LoginTest -->
    </test> <!-- Guru99bank functional Test -->
  </suite> <!-- Guru99bank Automation Suite -->
</testng-results>
